<?xml version="1.0" encoding="UTF-8"?>
<!-- Generated by org.testng.reporters.JUnitReportReporter -->
<testsuite hostname="DESKTOP-OMI40QV" failures="0" tests="1" name="script.ValidLogin" time="12.374" errors="0" timestamp="2023-11-23T23:34:00 IST" skipped="0">
  <testcase classname="script.ValidLogin" name="testValidLogin" time="12.374"/>
  <system-out>
    <![CDATA[Browser is:chrome
Set ITO:100
Enter the URL:https://myschool.tautmore.com/login
Maximize the browser
Set ETO:60
Close the browser
Browser is:chrome
Set ITO:100
Enter the URL:https://myschool.tautmore.com/login
Maximize the browser
Set ETO:60
Close the browser
Browser is:chrome
Set ITO:100
Enter the URL:https://myschool.tautmore.com/login
Maximize the browser
Set ETO:60
Close the browser
Browser is:chrome
Set ITO:100
Enter the URL:https://myschool.tautmore.com/login
Maximize the browser
Set ETO:60
Close the browser
Browser is:chrome
Set ITO:100
Enter the URL:https://myschool.tautmore.com/login
Maximize the browser
Set ETO:60
Close the browser]]>
  </system-out>
</testsuite> <!-- script.ValidLogin -->
