<?xml version="1.0" encoding="UTF-8"?>
<!-- Generated by org.testng.reporters.JUnitReportReporter -->
<testsuite hostname="DESKTOP-OMI40QV" failures="0" tests="1" name="script.sample" time="6.566" errors="0" timestamp="2023-11-18T16:20:09 IST" skipped="0">
  <testcase classname="script.sample" name="testAddStudent" time="6.566"/>
  <system-out>
    <![CDATA[Browser is:chrome
Set ITO:100
Enter the URL:https://myschool.tautmore.com/login
Maximize the browser
Set ETO:20
Close the browser]]>
  </system-out>
</testsuite> <!-- script.sample -->
