<?xml version="1.0" encoding="UTF-8"?>
<!-- Generated by org.testng.reporters.JUnitReportReporter -->
<testsuite hostname="DESKTOP-OMI40QV" failures="0" tests="1" name="script.ValidLogin_edison" time="5.937" errors="0" timestamp="2023-11-24T00:40:11 IST" skipped="0">
  <testcase classname="script.ValidLogin_edison" name="testValidLogin" time="5.937"/>
  <system-out>
    <![CDATA[Browser is:chrome
Set ITO:20
Enter the URL:https://edison.tautmore.com/
Maximize the browser
Set ETO:20
Close the browser
Browser is:chrome
Set ITO:20
Enter the URL:https://edison.tautmore.com/
Maximize the browser
Set ETO:20
Close the browser
Browser is:chrome
Set ITO:20
Enter the URL:https://edison.tautmore.com/
Maximize the browser
Set ETO:20
Close the browser
Browser is:chrome
Set ITO:20
Enter the URL:https://edison.tautmore.com/
Maximize the browser
Set ETO:20
Close the browser
Browser is:chrome
Set ITO:20
Enter the URL:https://edison.tautmore.com/
Maximize the browser
Set ETO:20
Close the browser]]>
  </system-out>
</testsuite> <!-- script.ValidLogin_edison -->
