<?xml version="1.0" encoding="UTF-8"?>
<!-- Generated by org.testng.reporters.JUnitReportReporter -->
<testsuite hostname="DESKTOP-OMI40QV" failures="0" tests="1" name="script.ValidLogin_myschool" time="8.584" errors="0" timestamp="2023-11-24T00:34:20 IST" skipped="0">
  <testcase classname="script.ValidLogin_myschool" name="testValidLogin" time="8.584"/>
  <system-out>
    <![CDATA[Browser is:chrome
Set ITO:60
Enter the URL:https://myschool.tautmore.com/login
Maximize the browser
Set ETO:30
Close the browser
Browser is:chrome
Set ITO:60
Enter the URL:https://myschool.tautmore.com/login
Maximize the browser
Set ETO:30
Close the browser
Browser is:chrome
Set ITO:60
Enter the URL:https://myschool.tautmore.com/login
Maximize the browser
Set ETO:30
Close the browser
Browser is:chrome
Set ITO:60
Enter the URL:https://myschool.tautmore.com/login
Maximize the browser
Set ETO:30
Close the browser
Browser is:chrome
Set ITO:60
Enter the URL:https://myschool.tautmore.com/login
Maximize the browser
Set ETO:30
Close the browser]]>
  </system-out>
</testsuite> <!-- script.ValidLogin_myschool -->
